{"/Users/dandgerson/sandbox/pokedex-app-2/src/utils/toCapitalizeFirstLetter.ts": {"path":"/Users/dandgerson/sandbox/pokedex-app-2/src/utils/toCapitalizeFirstLetter.ts","statementMap":{"0":{"start":{"line":1,"column":32},"end":{"line":2,"column":5}},"1":{"start":{"line":2,"column":2},"end":{"line":2,"column":null}},"2":{"start":{"line":4,"column":0},"end":{"line":4,"column":null}}},"fnMap":{"0":{"name":"(anonymous_0)","decl":{"start":{"line":1,"column":32},"end":{"line":1,"column":33}},"loc":{"start":{"line":1,"column":44},"end":{"line":2,"column":5}}}},"branchMap":{"0":{"loc":{"start":{"line":2,"column":8},"end":{"line":2,"column":48}},"type":"cond-expr","locations":[{"start":{"line":2,"column":8},"end":{"line":2,"column":48}},{"start":{"line":2,"column":51},"end":{"line":2,"column":54}}]}},"s":{"0":1,"1":1,"2":1},"f":{"0":1},"b":{"0":[1,0]}}
}
